<?xml version="1.0" encoding="UTF-8"?>
<testsuite name="Automation Test"
           tests="3"
           failures="0"
           errors="0"
           skipped="0"
           time="3.955">
  <properties />
  
  
            <testcase name="verifyThatFirstNameLastNameEmailPasswordAndConfirmPasswordFieldsAreMandatory" time="0.888" classname="com.nopcommerce.demo.testsuite.RegisterPageTest" />
                <testcase name="verifyUserShouldNavigateToRegisterPageSuccessfully" time="0.600" classname="com.nopcommerce.demo.testsuite.RegisterPageTest" />
                <testcase name="verifyThatUserShouldCreateAccountSuccessfully" time="2.467" classname="com.nopcommerce.demo.testsuite.RegisterPageTest" />
      
</testsuite>
