<?xml version="1.0" encoding="UTF-8"?>
<testsuite name="Automation Test"
           tests="4"
           failures="0"
           errors="0"
           skipped="0"
           time="5.394">
  <properties />
  
  
            <testcase name="VerifyThatUserShouldLogOutSuccessFully" time="2.191" classname="com.nopcommerce.demo.testsuite.LoginPageTest" />
                <testcase name="userShouldNavigateToLoginPageSuccessFully" time="0.563" classname="com.nopcommerce.demo.testsuite.LoginPageTest" />
                <testcase name="verifyTheErrorMessageWithInValidCredentials" time="1.164" classname="com.nopcommerce.demo.testsuite.LoginPageTest" />
                <testcase name="verifyThatUserShouldLogInSuccessFullyWithValidCredentials" time="1.476" classname="com.nopcommerce.demo.testsuite.LoginPageTest" />
      
</testsuite>
